app/manifest-merger-release-report.txt
-- Merging decision tree log ---
manifest
ADDED from AndroidManifest.xml:2:1
	package
		ADDED from AndroidManifest.xml:3:5
		INJECTED from AndroidManifest.xml:0:0
		INJECTED from AndroidManifest.xml:0:0
	android:versionName
		INJECTED from AndroidManifest.xml:0:0
		INJECTED from AndroidManifest.xml:0:0
	xmlns:android
		ADDED from AndroidManifest.xml:2:11
	android:versionCode
		INJECTED from AndroidManifest.xml:0:0
		INJECTED from AndroidManifest.xml:0:0
uses-sdk
ADDED from AndroidManifest.xml:5:5
MERGED from com.android.support:support-v4:21.0.0:15:5
	android:targetSdkVersion
		ADDED from AndroidManifest.xml:7:9
		INJECTED from AndroidManifest.xml:0:0
		INJECTED from AndroidManifest.xml:0:0
	android:minSdkVersion
		ADDED from AndroidManifest.xml:6:9
		INJECTED from AndroidManifest.xml:0:0
		INJECTED from AndroidManifest.xml:0:0
uses-permission#android.permission.INTERNET
ADDED from AndroidManifest.xml:9:5
	android:name
		ADDED from AndroidManifest.xml:9:22
uses-permission#android.permission.ACCESS_NETWORK_STATE
ADDED from AndroidManifest.xml:10:5
	android:name
		ADDED from AndroidManifest.xml:10:22
uses-permission#android.permission.WRITE_EXTERNAL_STORAGE
ADDED from AndroidManifest.xml:11:5
	android:maxSdkVersion
		ADDED from AndroidManifest.xml:13:9
	android:name
		ADDED from AndroidManifest.xml:12:9
uses-permission#android.permission.READ_PHONE_STATE
ADDED from AndroidManifest.xml:14:5
	android:name
		ADDED from AndroidManifest.xml:14:22
uses-permission#android.permission.READ_EXTERNAL_STORAGE
ADDED from AndroidManifest.xml:15:5
	android:maxSdkVersion
		ADDED from AndroidManifest.xml:17:9
	android:name
		ADDED from AndroidManifest.xml:16:9
application
ADDED from AndroidManifest.xml:19:5
MERGED from com.android.support:support-v4:21.0.0:16:5
	android:label
		ADDED from AndroidManifest.xml:23:9
	android:allowBackup
		ADDED from AndroidManifest.xml:21:9
	android:icon
		ADDED from AndroidManifest.xml:22:9
	android:theme
		ADDED from AndroidManifest.xml:24:9
	android:name
		ADDED from AndroidManifest.xml:20:9
provider#com.arnastofnun.idordabanki.helpers.SearchAutoComplete
ADDED from AndroidManifest.xml:25:9
	android:authorities
		ADDED from AndroidManifest.xml:26:13
	android:name
		ADDED from AndroidManifest.xml:25:19
meta-data#android.app.default_searchable
ADDED from AndroidManifest.xml:28:9
	android:value
		ADDED from AndroidManifest.xml:29:13
	android:name
		ADDED from AndroidManifest.xml:28:20
activity#com.arnastofnun.idordabanki.activities.SplashActivity
ADDED from AndroidManifest.xml:30:9
	android:clearTaskOnLaunch
		ADDED from AndroidManifest.xml:34:13
	android:label
		ADDED from AndroidManifest.xml:32:13
	android:theme
		ADDED from AndroidManifest.xml:33:13
	android:name
		ADDED from AndroidManifest.xml:31:13
intent-filter#android.intent.action.MAIN+android.intent.category.LAUNCHER
ADDED from AndroidManifest.xml:36:13
action#android.intent.action.MAIN
ADDED from AndroidManifest.xml:37:17
	android:name
		ADDED from AndroidManifest.xml:37:25
category#android.intent.category.LAUNCHER
ADDED from AndroidManifest.xml:38:17
	android:name
		ADDED from AndroidManifest.xml:38:27
activity#com.arnastofnun.idordabanki.activities.SelectLanguageActivity
ADDED from AndroidManifest.xml:42:9
	android:label
		ADDED from AndroidManifest.xml:44:13
	android:theme
		ADDED from AndroidManifest.xml:45:13
	android:name
		ADDED from AndroidManifest.xml:43:13
activity#com.arnastofnun.idordabanki.activities.SearchScreen
ADDED from AndroidManifest.xml:47:9
	android:label
		ADDED from AndroidManifest.xml:49:13
	android:name
		ADDED from AndroidManifest.xml:48:13
intent-filter#android.intent.action.SEARCH
ADDED from AndroidManifest.xml:50:13
action#android.intent.action.SEARCH
ADDED from AndroidManifest.xml:51:17
	android:name
		ADDED from AndroidManifest.xml:51:25
meta-data#android.app.searchable
ADDED from AndroidManifest.xml:53:13
	android:resource
		ADDED from AndroidManifest.xml:55:17
	android:name
		ADDED from AndroidManifest.xml:54:17
activity#com.arnastofnun.idordabanki.activities.AboutActivity
ADDED from AndroidManifest.xml:58:9
	android:label
		ADDED from AndroidManifest.xml:60:13
	android:parentActivityName
		ADDED from AndroidManifest.xml:61:13
	android:name
		ADDED from AndroidManifest.xml:59:13
meta-data#android.support.PARENT_ACTIVITY
ADDED from AndroidManifest.xml:62:13
	android:value
		ADDED from AndroidManifest.xml:64:17
	android:name
		ADDED from AndroidManifest.xml:63:17
activity#com.arnastofnun.idordabanki.activities.AboutGlossaryActivity
ADDED from AndroidManifest.xml:66:9
	android:label
		ADDED from AndroidManifest.xml:68:13
	android:parentActivityName
		ADDED from AndroidManifest.xml:69:13
	android:name
		ADDED from AndroidManifest.xml:67:13
activity#com.arnastofnun.idordabanki.activities.ResultInfo
ADDED from AndroidManifest.xml:74:9
	android:label
		ADDED from AndroidManifest.xml:76:13
	android:parentActivityName
		ADDED from AndroidManifest.xml:77:13
	android:name
		ADDED from AndroidManifest.xml:75:13
activity#com.arnastofnun.idordabanki.activities.ResultsScreen
ADDED from AndroidManifest.xml:85:9
	android:label
		ADDED from AndroidManifest.xml:87:13
	android:parentActivityName
		ADDED from AndroidManifest.xml:88:13
	android:noHistory
		ADDED from AndroidManifest.xml:89:13
	android:name
		ADDED from AndroidManifest.xml:86:13